0 info it worked if it ends with ok
1 verbose cli [ '/usr/local/bin/node', '/usr/local/bin/npm', 'i' ]
2 info using npm@4.1.2
3 info using node@v7.6.0
4 silly loadCurrentTree Starting
5 silly install loadCurrentTree
6 silly install readLocalPackageData
7 silly install normalizeTree
8 silly loadCurrentTree Finishing
9 silly loadIdealTree Starting
10 silly install loadIdealTree
11 silly cloneCurrentTree Starting
12 silly install cloneCurrentTreeToIdealTree
13 silly cloneCurrentTree Finishing
14 silly loadShrinkwrap Starting
15 silly install loadShrinkwrap
16 silly loadShrinkwrap Finishing
17 silly loadAllDepsIntoIdealTree Starting
18 silly install loadAllDepsIntoIdealTree
19 silly loadAllDepsIntoIdealTree Finishing
20 silly loadIdealTree Finishing
21 silly currentTree clintonamez-site-api@1.0.0
22 silly idealTree clintonamez-site-api@1.0.0
23 silly generateActionsToTake Starting
24 silly install generateActionsToTake
25 silly generateActionsToTake Finishing
26 silly diffTrees action count 0
27 silly decomposeActions action count 0
28 silly runTopLevelLifecycles Starting
29 silly install runPreinstallTopLevelLifecycles
30 silly preinstall clintonamez-site-api@1.0.0
31 info lifecycle clintonamez-site-api@1.0.0~preinstall: clintonamez-site-api@1.0.0
32 silly lifecycle clintonamez-site-api@1.0.0~preinstall: no script for preinstall, continuing
33 silly executeActions Starting
34 silly install executeActions
35 silly doSerial global-install 0
36 silly doParallel fetch 0
37 verbose correctMkdir /Users/alexgoley/.npm/_locks correctMkdir not in flight; initializing
38 verbose lock using /Users/alexgoley/.npm/_locks/staging-bf250cd5517111cc.lock for /Users/alexgoley/code/dwjproduction/ClintonAMEZSite/node_modules/.staging
39 silly doParallel extract 0
40 silly doParallel preinstall 0
41 silly doReverseSerial remove 0
42 silly doSerial move 0
43 silly doSerial finalize 0
44 silly doSerial build 0
45 silly doSerial global-link 0
46 silly doParallel update-linked 0
47 silly doSerial install 0
48 silly doSerial postinstall 0
49 verbose unlock done using /Users/alexgoley/.npm/_locks/staging-bf250cd5517111cc.lock for /Users/alexgoley/code/dwjproduction/ClintonAMEZSite/node_modules/.staging
50 silly executeActions Finishing
51 silly rollbackFailedOptional Starting
52 silly rollbackFailedOptional Finishing
53 silly install runPostinstallTopLevelLifecycles
54 silly build clintonamez-site-api@1.0.0
55 info linkStuff clintonamez-site-api@1.0.0
56 silly linkStuff clintonamez-site-api@1.0.0 has /Users/alexgoley/code/dwjproduction as its parent node_modules
57 verbose linkBins clintonamez-site-api@1.0.0
58 verbose linkMans clintonamez-site-api@1.0.0
59 silly install clintonamez-site-api@1.0.0
60 info lifecycle clintonamez-site-api@1.0.0~install: clintonamez-site-api@1.0.0
61 silly lifecycle clintonamez-site-api@1.0.0~install: no script for install, continuing
62 silly postinstall clintonamez-site-api@1.0.0
63 info lifecycle clintonamez-site-api@1.0.0~postinstall: clintonamez-site-api@1.0.0
64 verbose lifecycle clintonamez-site-api@1.0.0~postinstall: unsafe-perm in lifecycle true
65 verbose lifecycle clintonamez-site-api@1.0.0~postinstall: PATH: /usr/local/lib/node_modules/npm/bin/node-gyp-bin:/Users/alexgoley/code/dwjproduction/ClintonAMEZSite/node_modules/.bin:/usr/local/bin:/usr/bin:/bin:/usr/sbin:/sbin:/mongodb/mongodb-osx-x86_64-3.2.4/bin
66 verbose lifecycle clintonamez-site-api@1.0.0~postinstall: CWD: /Users/alexgoley/code/dwjproduction/ClintonAMEZSite
67 silly lifecycle clintonamez-site-api@1.0.0~postinstall: Args: [ '-c',
67 silly lifecycle   'mkdir tmp && cd clintonamez-ui && npm i && ng build -prod && cd ../clintonamez-api && npm i' ]
68 silly lifecycle clintonamez-site-api@1.0.0~postinstall: Returned: code: 1  signal: null
69 info lifecycle clintonamez-site-api@1.0.0~postinstall: Failed to exec postinstall script
70 verbose stack Error: clintonamez-site-api@1.0.0 postinstall: `mkdir tmp && cd clintonamez-ui && npm i && ng build -prod && cd ../clintonamez-api && npm i`
70 verbose stack Exit status 1
70 verbose stack     at EventEmitter.<anonymous> (/usr/local/lib/node_modules/npm/lib/utils/lifecycle.js:279:16)
70 verbose stack     at emitTwo (events.js:106:13)
70 verbose stack     at EventEmitter.emit (events.js:192:7)
70 verbose stack     at ChildProcess.<anonymous> (/usr/local/lib/node_modules/npm/lib/utils/spawn.js:40:14)
70 verbose stack     at emitTwo (events.js:106:13)
70 verbose stack     at ChildProcess.emit (events.js:192:7)
70 verbose stack     at maybeClose (internal/child_process.js:890:16)
70 verbose stack     at Process.ChildProcess._handle.onexit (internal/child_process.js:226:5)
71 verbose pkgid clintonamez-site-api@1.0.0
72 verbose cwd /Users/alexgoley/code/dwjproduction/ClintonAMEZSite
73 error Darwin 17.4.0
74 error argv "/usr/local/bin/node" "/usr/local/bin/npm" "i"
75 error node v7.6.0
76 error npm  v4.1.2
77 error code ELIFECYCLE
78 error clintonamez-site-api@1.0.0 postinstall: `mkdir tmp && cd clintonamez-ui && npm i && ng build -prod && cd ../clintonamez-api && npm i`
78 error Exit status 1
79 error Failed at the clintonamez-site-api@1.0.0 postinstall script 'mkdir tmp && cd clintonamez-ui && npm i && ng build -prod && cd ../clintonamez-api && npm i'.
79 error Make sure you have the latest version of node.js and npm installed.
79 error If you do, this is most likely a problem with the clintonamez-site-api package,
79 error not with npm itself.
79 error Tell the author that this fails on your system:
79 error     mkdir tmp && cd clintonamez-ui && npm i && ng build -prod && cd ../clintonamez-api && npm i
79 error You can get information on how to open an issue for this project with:
79 error     npm bugs clintonamez-site-api
79 error Or if that isn't available, you can get their info via:
79 error     npm owner ls clintonamez-site-api
79 error There is likely additional logging output above.
80 verbose exit [ 1, true ]
